<?xml version="1.0" encoding="UTF-8"?>
<!-- Generated by org.testng.reporters.JUnitReportReporter -->
<testsuite hostname="DESKTOP-HMI8EVA" failures="0" tests="2" name="com.anhtester.Bai10_Anotations.LoginTest" time="15.507" errors="0" timestamp="2023-08-15T18:29:30 ICT" skipped="0">
  <testcase classname="com.anhtester.Bai10_Anotations.LoginTest" name="testLoginSuccess" time="6.746"/>
  <system-out/>
  <testcase classname="com.anhtester.Bai10_Anotations.LoginTest" name="testAddCustomers" time="8.761"/>
  <system-out/>
</testsuite> <!-- com.anhtester.Bai10_Anotations.LoginTest -->
